{
    "D:\\Gamegram PvP Games\\game-lab\\packages\\core\\src\\index.ts": {
        "path": "D:\\Gamegram PvP Games\\game-lab\\packages\\core\\src\\index.ts",
        "statementMap": {},
        "fnMap": {},
        "branchMap": {},
        "s": {},
        "f": {},
        "b": {},
        "meta": { "lastBranch": 0, "lastFunction": 0, "lastStatement": 0, "seen": {} }
    },
    "D:\\Gamegram PvP Games\\game-lab\\packages\\core\\src\\data\\events.ts": {
        "path": "D:\\Gamegram PvP Games\\game-lab\\packages\\core\\src\\data\\events.ts",
        "statementMap": {
            "0": { "start": { "line": 52, "column": 26 }, "end": { "line": 59, "column": null } }
        },
        "fnMap": {},
        "branchMap": {},
        "s": { "0": 2 },
        "f": {},
        "b": {},
        "meta": {
            "lastBranch": 0,
            "lastFunction": 0,
            "lastStatement": 1,
            "seen": { "s:52:26:59:Infinity": 0 }
        }
    },
    "D:\\Gamegram PvP Games\\game-lab\\packages\\core\\src\\data\\game-data.ts": {
        "path": "D:\\Gamegram PvP Games\\game-lab\\packages\\core\\src\\data\\game-data.ts",
        "statementMap": {
            "0": { "start": { "line": 6, "column": 4 }, "end": { "line": 6, "column": null } },
            "1": { "start": { "line": 9, "column": 8 }, "end": { "line": 9, "column": null } },
            "2": { "start": { "line": 10, "column": 8 }, "end": { "line": 10, "column": null } },
            "3": { "start": { "line": 11, "column": 8 }, "end": { "line": 14, "column": null } },
            "4": { "start": { "line": 18, "column": 8 }, "end": { "line": 18, "column": null } },
            "5": { "start": { "line": 18, "column": 82 }, "end": { "line": 18, "column": null } },
            "6": { "start": { "line": 19, "column": 8 }, "end": { "line": 19, "column": null } },
            "7": { "start": { "line": 23, "column": 8 }, "end": { "line": 23, "column": null } },
            "8": { "start": { "line": 27, "column": 8 }, "end": { "line": 27, "column": null } },
            "9": { "start": { "line": 27, "column": 59 }, "end": { "line": 27, "column": null } },
            "10": { "start": { "line": 29, "column": 30 }, "end": { "line": 29, "column": null } },
            "11": { "start": { "line": 30, "column": 8 }, "end": { "line": 30, "column": null } },
            "12": { "start": { "line": 32, "column": 8 }, "end": { "line": 37, "column": null } },
            "13": { "start": { "line": 39, "column": 33 }, "end": { "line": 39, "column": null } },
            "14": { "start": { "line": 40, "column": 8 }, "end": { "line": 42, "column": null } },
            "15": { "start": { "line": 41, "column": 12 }, "end": { "line": 41, "column": null } },
            "16": { "start": { "line": 46, "column": 8 }, "end": { "line": 46, "column": null } },
            "17": { "start": { "line": 50, "column": 26 }, "end": { "line": 50, "column": null } },
            "18": { "start": { "line": 51, "column": 8 }, "end": { "line": 51, "column": null } },
            "19": { "start": { "line": 55, "column": 24 }, "end": { "line": 55, "column": null } },
            "20": { "start": { "line": 56, "column": 8 }, "end": { "line": 56, "column": null } },
            "21": { "start": { "line": 60, "column": 8 }, "end": { "line": 60, "column": null } },
            "22": { "start": { "line": 61, "column": 29 }, "end": { "line": 61, "column": null } },
            "23": { "start": { "line": 62, "column": 8 }, "end": { "line": 62, "column": null } },
            "24": { "start": { "line": 63, "column": 8 }, "end": { "line": 66, "column": null } },
            "25": { "start": { "line": 67, "column": 8 }, "end": { "line": 67, "column": null } },
            "26": { "start": { "line": 71, "column": 8 }, "end": { "line": 71, "column": null } },
            "27": { "start": { "line": 72, "column": 8 }, "end": { "line": 72, "column": null } },
            "28": { "start": { "line": 73, "column": 8 }, "end": { "line": 73, "column": null } },
            "29": { "start": { "line": 74, "column": 8 }, "end": { "line": 74, "column": null } }
        },
        "fnMap": {
            "0": {
                "name": "(anonymous_0)",
                "decl": { "start": { "line": 8, "column": 4 }, "end": { "line": 8, "column": 16 } },
                "loc": {
                    "start": { "line": 8, "column": 63 },
                    "end": { "line": 15, "column": null }
                },
                "line": 8
            },
            "1": {
                "name": "(anonymous_1)",
                "decl": {
                    "start": { "line": 17, "column": 4 },
                    "end": { "line": 17, "column": 20 }
                },
                "loc": {
                    "start": { "line": 17, "column": 61 },
                    "end": { "line": 20, "column": null }
                },
                "line": 17
            },
            "2": {
                "name": "(anonymous_2)",
                "decl": {
                    "start": { "line": 22, "column": 4 },
                    "end": { "line": 22, "column": 37 }
                },
                "loc": {
                    "start": { "line": 22, "column": 37 },
                    "end": { "line": 24, "column": null }
                },
                "line": 22
            },
            "3": {
                "name": "(anonymous_3)",
                "decl": {
                    "start": { "line": 26, "column": 4 },
                    "end": { "line": 26, "column": 16 }
                },
                "loc": {
                    "start": { "line": 26, "column": 83 },
                    "end": { "line": 43, "column": null }
                },
                "line": 26
            },
            "4": {
                "name": "(anonymous_4)",
                "decl": {
                    "start": { "line": 45, "column": 4 },
                    "end": { "line": 45, "column": 44 }
                },
                "loc": {
                    "start": { "line": 45, "column": 44 },
                    "end": { "line": 47, "column": null }
                },
                "line": 45
            },
            "5": {
                "name": "(anonymous_5)",
                "decl": {
                    "start": { "line": 49, "column": 4 },
                    "end": { "line": 49, "column": 50 }
                },
                "loc": {
                    "start": { "line": 49, "column": 50 },
                    "end": { "line": 52, "column": null }
                },
                "line": 49
            },
            "6": {
                "name": "(anonymous_6)",
                "decl": {
                    "start": { "line": 54, "column": 4 },
                    "end": { "line": 54, "column": 30 }
                },
                "loc": {
                    "start": { "line": 54, "column": 30 },
                    "end": { "line": 57, "column": null }
                },
                "line": 54
            },
            "7": {
                "name": "(anonymous_7)",
                "decl": {
                    "start": { "line": 59, "column": 4 },
                    "end": { "line": 59, "column": 18 }
                },
                "loc": {
                    "start": { "line": 59, "column": 18 },
                    "end": { "line": 68, "column": null }
                },
                "line": 59
            },
            "8": {
                "name": "(anonymous_8)",
                "decl": {
                    "start": { "line": 70, "column": 4 },
                    "end": { "line": 70, "column": 20 }
                },
                "loc": {
                    "start": { "line": 70, "column": 20 },
                    "end": { "line": 75, "column": null }
                },
                "line": 70
            }
        },
        "branchMap": {
            "0": {
                "loc": { "start": { "line": 8, "column": 16 }, "end": { "line": 8, "column": 63 } },
                "type": "default-arg",
                "locations": [
                    { "start": { "line": 8, "column": 46 }, "end": { "line": 8, "column": 63 } }
                ],
                "line": 8
            },
            "1": {
                "loc": {
                    "start": { "line": 18, "column": 8 },
                    "end": { "line": 18, "column": null }
                },
                "type": "if",
                "locations": [
                    { "start": { "line": 18, "column": 8 }, "end": { "line": 18, "column": null } },
                    { "start": {}, "end": {} }
                ],
                "line": 18
            },
            "2": {
                "loc": {
                    "start": { "line": 18, "column": 12 },
                    "end": { "line": 18, "column": 82 }
                },
                "type": "binary-expr",
                "locations": [
                    { "start": { "line": 18, "column": 12 }, "end": { "line": 18, "column": 25 } },
                    { "start": { "line": 18, "column": 25 }, "end": { "line": 18, "column": 57 } },
                    { "start": { "line": 18, "column": 57 }, "end": { "line": 18, "column": 82 } }
                ],
                "line": 18
            },
            "3": {
                "loc": {
                    "start": { "line": 27, "column": 8 },
                    "end": { "line": 27, "column": null }
                },
                "type": "if",
                "locations": [
                    { "start": { "line": 27, "column": 8 }, "end": { "line": 27, "column": null } },
                    { "start": {}, "end": {} }
                ],
                "line": 27
            },
            "4": {
                "loc": {
                    "start": { "line": 40, "column": 8 },
                    "end": { "line": 42, "column": null }
                },
                "type": "if",
                "locations": [
                    { "start": { "line": 40, "column": 8 }, "end": { "line": 42, "column": null } },
                    { "start": {}, "end": {} }
                ],
                "line": 40
            },
            "5": {
                "loc": {
                    "start": { "line": 56, "column": 28 },
                    "end": { "line": 56, "column": null }
                },
                "type": "cond-expr",
                "locations": [
                    { "start": { "line": 56, "column": 38 }, "end": { "line": 56, "column": 50 } },
                    { "start": { "line": 56, "column": 50 }, "end": { "line": 56, "column": null } }
                ],
                "line": 56
            }
        },
        "s": {
            "0": 58,
            "1": 58,
            "2": 58,
            "3": 58,
            "4": 4,
            "5": 3,
            "6": 1,
            "7": 40,
            "8": 334,
            "9": 1,
            "10": 333,
            "11": 333,
            "12": 333,
            "13": 333,
            "14": 333,
            "15": 201,
            "16": 16,
            "17": 3,
            "18": 3,
            "19": 2,
            "20": 2,
            "21": 2,
            "22": 2,
            "23": 2,
            "24": 2,
            "25": 2,
            "26": 2,
            "27": 2,
            "28": 2,
            "29": 2
        },
        "f": { "0": 58, "1": 4, "2": 40, "3": 334, "4": 16, "5": 3, "6": 2, "7": 2, "8": 2 },
        "b": {
            "0": [58],
            "1": [3, 1],
            "2": [4, 3, 2],
            "3": [1, 333],
            "4": [201, 132],
            "5": [2, 0]
        },
        "meta": {
            "lastBranch": 6,
            "lastFunction": 9,
            "lastStatement": 30,
            "seen": {
                "f:8:4:8:16": 0,
                "b:8:46:8:63": 0,
                "s:6:4:6:Infinity": 0,
                "s:9:8:9:Infinity": 1,
                "s:10:8:10:Infinity": 2,
                "s:11:8:14:Infinity": 3,
                "f:17:4:17:20": 1,
                "b:18:8:18:Infinity:undefined:undefined:undefined:undefined": 1,
                "s:18:8:18:Infinity": 4,
                "b:18:12:18:25:18:25:18:57:18:57:18:82": 2,
                "s:18:82:18:Infinity": 5,
                "s:19:8:19:Infinity": 6,
                "f:22:4:22:37": 2,
                "s:23:8:23:Infinity": 7,
                "f:26:4:26:16": 3,
                "b:27:8:27:Infinity:undefined:undefined:undefined:undefined": 3,
                "s:27:8:27:Infinity": 8,
                "s:27:59:27:Infinity": 9,
                "s:29:30:29:Infinity": 10,
                "s:30:8:30:Infinity": 11,
                "s:32:8:37:Infinity": 12,
                "s:39:33:39:Infinity": 13,
                "b:40:8:42:Infinity:undefined:undefined:undefined:undefined": 4,
                "s:40:8:42:Infinity": 14,
                "s:41:12:41:Infinity": 15,
                "f:45:4:45:44": 4,
                "s:46:8:46:Infinity": 16,
                "f:49:4:49:50": 5,
                "s:50:26:50:Infinity": 17,
                "s:51:8:51:Infinity": 18,
                "f:54:4:54:30": 6,
                "s:55:24:55:Infinity": 19,
                "s:56:8:56:Infinity": 20,
                "b:56:38:56:50:56:50:56:Infinity": 5,
                "f:59:4:59:18": 7,
                "s:60:8:60:Infinity": 21,
                "s:61:29:61:Infinity": 22,
                "s:62:8:62:Infinity": 23,
                "s:63:8:66:Infinity": 24,
                "s:67:8:67:Infinity": 25,
                "f:70:4:70:20": 8,
                "s:71:8:71:Infinity": 26,
                "s:72:8:72:Infinity": 27,
                "s:73:8:73:Infinity": 28,
                "s:74:8:74:Infinity": 29
            }
        }
    },
    "D:\\Gamegram PvP Games\\game-lab\\packages\\core\\src\\data\\types.ts": {
        "path": "D:\\Gamegram PvP Games\\game-lab\\packages\\core\\src\\data\\types.ts",
        "statementMap": {
            "0": { "start": { "line": 3, "column": 26 }, "end": { "line": 10, "column": null } }
        },
        "fnMap": {},
        "branchMap": {},
        "s": { "0": 3 },
        "f": {},
        "b": {},
        "meta": {
            "lastBranch": 0,
            "lastFunction": 0,
            "lastStatement": 1,
            "seen": { "s:3:26:10:Infinity": 0 }
        }
    },
    "D:\\Gamegram PvP Games\\game-lab\\packages\\core\\src\\flow\\gameflow.ts": {
        "path": "D:\\Gamegram PvP Games\\game-lab\\packages\\core\\src\\flow\\gameflow.ts",
        "statementMap": {
            "0": { "start": { "line": 10, "column": 64 }, "end": { "line": 10, "column": null } },
            "1": { "start": { "line": 14, "column": 8 }, "end": { "line": 14, "column": null } },
            "2": { "start": { "line": 15, "column": 8 }, "end": { "line": 15, "column": null } },
            "3": { "start": { "line": 16, "column": 8 }, "end": { "line": 16, "column": null } },
            "4": { "start": { "line": 18, "column": 8 }, "end": { "line": 18, "column": null } },
            "5": { "start": { "line": 19, "column": 8 }, "end": { "line": 19, "column": null } },
            "6": { "start": { "line": 23, "column": 8 }, "end": { "line": 23, "column": null } },
            "7": { "start": { "line": 27, "column": 8 }, "end": { "line": 27, "column": null } },
            "8": { "start": { "line": 31, "column": 8 }, "end": { "line": 31, "column": null } },
            "9": { "start": { "line": 35, "column": 8 }, "end": { "line": 35, "column": null } },
            "10": { "start": { "line": 39, "column": 8 }, "end": { "line": 39, "column": null } },
            "11": { "start": { "line": 43, "column": 8 }, "end": { "line": 43, "column": null } },
            "12": { "start": { "line": 47, "column": 8 }, "end": { "line": 66, "column": null } },
            "13": { "start": { "line": 49, "column": 16 }, "end": { "line": 49, "column": null } },
            "14": { "start": { "line": 50, "column": 16 }, "end": { "line": 50, "column": null } },
            "15": { "start": { "line": 52, "column": 16 }, "end": { "line": 52, "column": null } },
            "16": { "start": { "line": 53, "column": 16 }, "end": { "line": 53, "column": null } },
            "17": { "start": { "line": 55, "column": 16 }, "end": { "line": 55, "column": null } },
            "18": { "start": { "line": 56, "column": 16 }, "end": { "line": 56, "column": null } },
            "19": { "start": { "line": 58, "column": 16 }, "end": { "line": 58, "column": null } },
            "20": { "start": { "line": 59, "column": 16 }, "end": { "line": 59, "column": null } },
            "21": { "start": { "line": 61, "column": 16 }, "end": { "line": 61, "column": null } },
            "22": { "start": { "line": 62, "column": 16 }, "end": { "line": 62, "column": null } },
            "23": { "start": { "line": 64, "column": 16 }, "end": { "line": 64, "column": null } },
            "24": { "start": { "line": 65, "column": 16 }, "end": { "line": 65, "column": null } },
            "25": { "start": { "line": 70, "column": 8 }, "end": { "line": 70, "column": null } },
            "26": { "start": { "line": 71, "column": 8 }, "end": { "line": 71, "column": null } },
            "27": { "start": { "line": 75, "column": 32 }, "end": { "line": 77, "column": null } },
            "28": { "start": { "line": 76, "column": 12 }, "end": { "line": 76, "column": null } },
            "29": { "start": { "line": 78, "column": 8 }, "end": { "line": 78, "column": null } },
            "30": { "start": { "line": 80, "column": 35 }, "end": { "line": 82, "column": null } },
            "31": { "start": { "line": 81, "column": 12 }, "end": { "line": 81, "column": null } },
            "32": { "start": { "line": 83, "column": 8 }, "end": { "line": 83, "column": null } },
            "33": { "start": { "line": 85, "column": 36 }, "end": { "line": 87, "column": null } },
            "34": { "start": { "line": 86, "column": 12 }, "end": { "line": 86, "column": null } },
            "35": { "start": { "line": 88, "column": 8 }, "end": { "line": 88, "column": null } },
            "36": { "start": { "line": 90, "column": 38 }, "end": { "line": 107, "column": null } },
            "37": { "start": { "line": 91, "column": 25 }, "end": { "line": 91, "column": null } },
            "38": { "start": { "line": 93, "column": 12 }, "end": { "line": 96, "column": null } },
            "39": { "start": { "line": 94, "column": 16 }, "end": { "line": 94, "column": null } },
            "40": { "start": { "line": 95, "column": 16 }, "end": { "line": 95, "column": null } },
            "41": { "start": { "line": 98, "column": 12 }, "end": { "line": 106, "column": null } },
            "42": { "start": { "line": 99, "column": 36 }, "end": { "line": 99, "column": null } },
            "43": {
                "start": { "line": 100, "column": 16 },
                "end": { "line": 104, "column": null }
            },
            "44": {
                "start": { "line": 105, "column": 16 },
                "end": { "line": 105, "column": null }
            },
            "45": { "start": { "line": 108, "column": 8 }, "end": { "line": 108, "column": null } },
            "46": {
                "start": { "line": 110, "column": 31 },
                "end": { "line": 127, "column": null }
            },
            "47": {
                "start": { "line": 111, "column": 25 },
                "end": { "line": 111, "column": null }
            },
            "48": {
                "start": { "line": 113, "column": 12 },
                "end": { "line": 122, "column": null }
            },
            "49": {
                "start": { "line": 114, "column": 32 },
                "end": { "line": 114, "column": null }
            },
            "50": {
                "start": { "line": 115, "column": 16 },
                "end": { "line": 120, "column": null }
            },
            "51": {
                "start": { "line": 121, "column": 16 },
                "end": { "line": 121, "column": null }
            },
            "52": {
                "start": { "line": 124, "column": 12 },
                "end": { "line": 126, "column": null }
            },
            "53": {
                "start": { "line": 125, "column": 16 },
                "end": { "line": 125, "column": null }
            },
            "54": { "start": { "line": 128, "column": 8 }, "end": { "line": 128, "column": null } },
            "55": {
                "start": { "line": 130, "column": 37 },
                "end": { "line": 132, "column": null }
            },
            "56": {
                "start": { "line": 131, "column": 12 },
                "end": { "line": 131, "column": null }
            },
            "57": { "start": { "line": 133, "column": 8 }, "end": { "line": 133, "column": null } },
            "58": { "start": { "line": 135, "column": 8 }, "end": { "line": 135, "column": null } },
            "59": {
                "start": { "line": 141, "column": 27 },
                "end": { "line": 141, "column": null }
            },
            "60": { "start": { "line": 142, "column": 8 }, "end": { "line": 144, "column": null } },
            "61": {
                "start": { "line": 143, "column": 12 },
                "end": { "line": 143, "column": null }
            },
            "62": { "start": { "line": 146, "column": 8 }, "end": { "line": 146, "column": null } },
            "63": { "start": { "line": 147, "column": 8 }, "end": { "line": 147, "column": null } },
            "64": { "start": { "line": 151, "column": 8 }, "end": { "line": 151, "column": null } },
            "65": {
                "start": { "line": 151, "column": 33 },
                "end": { "line": 151, "column": null }
            },
            "66": { "start": { "line": 153, "column": 8 }, "end": { "line": 153, "column": null } },
            "67": { "start": { "line": 157, "column": 8 }, "end": { "line": 159, "column": null } },
            "68": {
                "start": { "line": 158, "column": 12 },
                "end": { "line": 158, "column": null }
            },
            "69": { "start": { "line": 160, "column": 8 }, "end": { "line": 160, "column": null } },
            "70": { "start": { "line": 164, "column": 8 }, "end": { "line": 164, "column": null } },
            "71": { "start": { "line": 166, "column": 8 }, "end": { "line": 166, "column": null } },
            "72": { "start": { "line": 167, "column": 8 }, "end": { "line": 167, "column": null } },
            "73": { "start": { "line": 168, "column": 8 }, "end": { "line": 168, "column": null } }
        },
        "fnMap": {
            "0": {
                "name": "(anonymous_0)",
                "decl": {
                    "start": { "line": 13, "column": 4 },
                    "end": { "line": 13, "column": 16 }
                },
                "loc": {
                    "start": { "line": 13, "column": 50 },
                    "end": { "line": 20, "column": null }
                },
                "line": 13
            },
            "1": {
                "name": "(anonymous_1)",
                "decl": {
                    "start": { "line": 22, "column": 14 },
                    "end": { "line": 22, "column": 34 }
                },
                "loc": {
                    "start": { "line": 22, "column": 34 },
                    "end": { "line": 24, "column": null }
                },
                "line": 22
            },
            "2": {
                "name": "(anonymous_2)",
                "decl": {
                    "start": { "line": 26, "column": 14 },
                    "end": { "line": 26, "column": 35 }
                },
                "loc": {
                    "start": { "line": 26, "column": 35 },
                    "end": { "line": 28, "column": null }
                },
                "line": 26
            },
            "3": {
                "name": "(anonymous_3)",
                "decl": {
                    "start": { "line": 30, "column": 14 },
                    "end": { "line": 30, "column": 35 }
                },
                "loc": {
                    "start": { "line": 30, "column": 35 },
                    "end": { "line": 32, "column": null }
                },
                "line": 30
            },
            "4": {
                "name": "(anonymous_4)",
                "decl": {
                    "start": { "line": 34, "column": 14 },
                    "end": { "line": 34, "column": 33 }
                },
                "loc": {
                    "start": { "line": 34, "column": 61 },
                    "end": { "line": 36, "column": null }
                },
                "line": 34
            },
            "5": {
                "name": "(anonymous_5)",
                "decl": {
                    "start": { "line": 38, "column": 14 },
                    "end": { "line": 38, "column": 25 }
                },
                "loc": {
                    "start": { "line": 38, "column": 69 },
                    "end": { "line": 40, "column": null }
                },
                "line": 38
            },
            "6": {
                "name": "(anonymous_6)",
                "decl": {
                    "start": { "line": 42, "column": 14 },
                    "end": { "line": 42, "column": 37 }
                },
                "loc": {
                    "start": { "line": 42, "column": 37 },
                    "end": { "line": 44, "column": null }
                },
                "line": 42
            },
            "7": {
                "name": "(anonymous_7)",
                "decl": {
                    "start": { "line": 46, "column": 4 },
                    "end": { "line": 46, "column": 16 }
                },
                "loc": {
                    "start": { "line": 46, "column": 71 },
                    "end": { "line": 67, "column": null }
                },
                "line": 46
            },
            "8": {
                "name": "(anonymous_8)",
                "decl": {
                    "start": { "line": 69, "column": 4 },
                    "end": { "line": 69, "column": 17 }
                },
                "loc": {
                    "start": { "line": 69, "column": 71 },
                    "end": { "line": 72, "column": null }
                },
                "line": 69
            },
            "9": {
                "name": "(anonymous_9)",
                "decl": {
                    "start": { "line": 74, "column": 4 },
                    "end": { "line": 74, "column": 32 }
                },
                "loc": {
                    "start": { "line": 74, "column": 32 },
                    "end": { "line": 136, "column": null }
                },
                "line": 74
            },
            "10": {
                "name": "(anonymous_10)",
                "decl": {
                    "start": { "line": 75, "column": 32 },
                    "end": { "line": 75, "column": 38 }
                },
                "loc": {
                    "start": { "line": 75, "column": 38 },
                    "end": { "line": 77, "column": null }
                },
                "line": 75
            },
            "11": {
                "name": "(anonymous_11)",
                "decl": {
                    "start": { "line": 80, "column": 35 },
                    "end": { "line": 80, "column": 41 }
                },
                "loc": {
                    "start": { "line": 80, "column": 41 },
                    "end": { "line": 82, "column": null }
                },
                "line": 80
            },
            "12": {
                "name": "(anonymous_12)",
                "decl": {
                    "start": { "line": 85, "column": 36 },
                    "end": { "line": 85, "column": 42 }
                },
                "loc": {
                    "start": { "line": 85, "column": 42 },
                    "end": { "line": 87, "column": null }
                },
                "line": 85
            },
            "13": {
                "name": "(anonymous_13)",
                "decl": {
                    "start": { "line": 90, "column": 38 },
                    "end": { "line": 90, "column": 42 }
                },
                "loc": {
                    "start": { "line": 90, "column": 62 },
                    "end": { "line": 107, "column": null }
                },
                "line": 90
            },
            "14": {
                "name": "(anonymous_14)",
                "decl": {
                    "start": { "line": 110, "column": 31 },
                    "end": { "line": 110, "column": 35 }
                },
                "loc": {
                    "start": { "line": 110, "column": 55 },
                    "end": { "line": 127, "column": null }
                },
                "line": 110
            },
            "15": {
                "name": "(anonymous_15)",
                "decl": {
                    "start": { "line": 130, "column": 37 },
                    "end": { "line": 130, "column": 43 }
                },
                "loc": {
                    "start": { "line": 130, "column": 43 },
                    "end": { "line": 132, "column": null }
                },
                "line": 130
            },
            "16": {
                "name": "(anonymous_16)",
                "decl": {
                    "start": { "line": 138, "column": 14 },
                    "end": { "line": 138, "column": 47 }
                },
                "loc": {
                    "start": { "line": 138, "column": 47 },
                    "end": { "line": 138, "column": null }
                },
                "line": 138
            },
            "17": {
                "name": "(anonymous_17)",
                "decl": {
                    "start": { "line": 140, "column": 14 },
                    "end": { "line": 140, "column": 24 }
                },
                "loc": {
                    "start": { "line": 140, "column": 84 },
                    "end": { "line": 148, "column": null }
                },
                "line": 140
            },
            "18": {
                "name": "(anonymous_18)",
                "decl": {
                    "start": { "line": 150, "column": 14 },
                    "end": { "line": 150, "column": 19 }
                },
                "loc": {
                    "start": { "line": 150, "column": 60 },
                    "end": { "line": 154, "column": null }
                },
                "line": 150
            },
            "19": {
                "name": "(anonymous_19)",
                "decl": {
                    "start": { "line": 156, "column": 4 },
                    "end": { "line": 156, "column": 33 }
                },
                "loc": {
                    "start": { "line": 156, "column": 33 },
                    "end": { "line": 161, "column": null }
                },
                "line": 156
            },
            "20": {
                "name": "(anonymous_20)",
                "decl": {
                    "start": { "line": 163, "column": 4 },
                    "end": { "line": 163, "column": 20 }
                },
                "loc": {
                    "start": { "line": 163, "column": 20 },
                    "end": { "line": 169, "column": null }
                },
                "line": 163
            }
        },
        "branchMap": {
            "0": {
                "loc": {
                    "start": { "line": 47, "column": 8 },
                    "end": { "line": 66, "column": null }
                },
                "type": "switch",
                "locations": [
                    {
                        "start": { "line": 48, "column": 12 },
                        "end": { "line": 50, "column": null }
                    },
                    {
                        "start": { "line": 51, "column": 12 },
                        "end": { "line": 53, "column": null }
                    },
                    {
                        "start": { "line": 54, "column": 12 },
                        "end": { "line": 56, "column": null }
                    },
                    {
                        "start": { "line": 57, "column": 12 },
                        "end": { "line": 59, "column": null }
                    },
                    {
                        "start": { "line": 60, "column": 12 },
                        "end": { "line": 62, "column": null }
                    },
                    { "start": { "line": 63, "column": 12 }, "end": { "line": 65, "column": null } }
                ],
                "line": 47
            },
            "1": {
                "loc": {
                    "start": { "line": 70, "column": 44 },
                    "end": { "line": 70, "column": 82 }
                },
                "type": "cond-expr",
                "locations": [
                    { "start": { "line": 70, "column": 51 }, "end": { "line": 70, "column": 73 } },
                    { "start": { "line": 70, "column": 73 }, "end": { "line": 70, "column": 82 } }
                ],
                "line": 70
            },
            "2": {
                "loc": {
                    "start": { "line": 93, "column": 12 },
                    "end": { "line": 96, "column": null }
                },
                "type": "if",
                "locations": [
                    {
                        "start": { "line": 93, "column": 12 },
                        "end": { "line": 96, "column": null }
                    },
                    { "start": {}, "end": {} }
                ],
                "line": 93
            },
            "3": {
                "loc": {
                    "start": { "line": 98, "column": 12 },
                    "end": { "line": 106, "column": null }
                },
                "type": "if",
                "locations": [
                    {
                        "start": { "line": 98, "column": 12 },
                        "end": { "line": 106, "column": null }
                    },
                    { "start": {}, "end": {} }
                ],
                "line": 98
            },
            "4": {
                "loc": {
                    "start": { "line": 98, "column": 16 },
                    "end": { "line": 98, "column": 89 }
                },
                "type": "binary-expr",
                "locations": [
                    { "start": { "line": 98, "column": 16 }, "end": { "line": 98, "column": 45 } },
                    { "start": { "line": 98, "column": 45 }, "end": { "line": 98, "column": 73 } },
                    { "start": { "line": 98, "column": 73 }, "end": { "line": 98, "column": 89 } }
                ],
                "line": 98
            },
            "5": {
                "loc": {
                    "start": { "line": 101, "column": 32 },
                    "end": { "line": 103, "column": null }
                },
                "type": "cond-expr",
                "locations": [
                    {
                        "start": { "line": 102, "column": 26 },
                        "end": { "line": 102, "column": null }
                    },
                    {
                        "start": { "line": 103, "column": 26 },
                        "end": { "line": 103, "column": null }
                    }
                ],
                "line": 101
            },
            "6": {
                "loc": {
                    "start": { "line": 113, "column": 12 },
                    "end": { "line": 122, "column": null }
                },
                "type": "if",
                "locations": [
                    {
                        "start": { "line": 113, "column": 12 },
                        "end": { "line": 122, "column": null }
                    },
                    { "start": {}, "end": {} }
                ],
                "line": 113
            },
            "7": {
                "loc": {
                    "start": { "line": 114, "column": 32 },
                    "end": { "line": 114, "column": null }
                },
                "type": "cond-expr",
                "locations": [
                    {
                        "start": { "line": 114, "column": 83 },
                        "end": { "line": 114, "column": 98 }
                    },
                    {
                        "start": { "line": 114, "column": 98 },
                        "end": { "line": 114, "column": null }
                    }
                ],
                "line": 114
            },
            "8": {
                "loc": {
                    "start": { "line": 114, "column": 32 },
                    "end": { "line": 114, "column": 83 }
                },
                "type": "binary-expr",
                "locations": [
                    {
                        "start": { "line": 114, "column": 32 },
                        "end": { "line": 114, "column": 48 }
                    },
                    { "start": { "line": 114, "column": 48 }, "end": { "line": 114, "column": 83 } }
                ],
                "line": 114
            },
            "9": {
                "loc": {
                    "start": { "line": 116, "column": 28 },
                    "end": { "line": 116, "column": null }
                },
                "type": "cond-expr",
                "locations": [
                    {
                        "start": { "line": 116, "column": 50 },
                        "end": { "line": 116, "column": 67 }
                    },
                    {
                        "start": { "line": 116, "column": 67 },
                        "end": { "line": 116, "column": null }
                    }
                ],
                "line": 116
            },
            "10": {
                "loc": {
                    "start": { "line": 117, "column": 31 },
                    "end": { "line": 119, "column": null }
                },
                "type": "cond-expr",
                "locations": [
                    {
                        "start": { "line": 118, "column": 26 },
                        "end": { "line": 118, "column": null }
                    },
                    {
                        "start": { "line": 119, "column": 26 },
                        "end": { "line": 119, "column": null }
                    }
                ],
                "line": 117
            },
            "11": {
                "loc": {
                    "start": { "line": 117, "column": 31 },
                    "end": { "line": 117, "column": null }
                },
                "type": "binary-expr",
                "locations": [
                    {
                        "start": { "line": 117, "column": 31 },
                        "end": { "line": 117, "column": 57 }
                    },
                    {
                        "start": { "line": 117, "column": 57 },
                        "end": { "line": 117, "column": null }
                    }
                ],
                "line": 117
            },
            "12": {
                "loc": {
                    "start": { "line": 124, "column": 12 },
                    "end": { "line": 126, "column": null }
                },
                "type": "if",
                "locations": [
                    {
                        "start": { "line": 124, "column": 12 },
                        "end": { "line": 126, "column": null }
                    },
                    { "start": {}, "end": {} }
                ],
                "line": 124
            },
            "13": {
                "loc": {
                    "start": { "line": 142, "column": 8 },
                    "end": { "line": 144, "column": null }
                },
                "type": "if",
                "locations": [
                    {
                        "start": { "line": 142, "column": 8 },
                        "end": { "line": 144, "column": null }
                    },
                    { "start": {}, "end": {} }
                ],
                "line": 142
            },
            "14": {
                "loc": {
                    "start": { "line": 151, "column": 8 },
                    "end": { "line": 151, "column": null }
                },
                "type": "if",
                "locations": [
                    {
                        "start": { "line": 151, "column": 8 },
                        "end": { "line": 151, "column": null }
                    },
                    { "start": {}, "end": {} }
                ],
                "line": 151
            }
        },
        "s": {
            "0": 30,
            "1": 30,
            "2": 30,
            "3": 30,
            "4": 30,
            "5": 30,
            "6": 32,
            "7": 2,
            "8": 2,
            "9": 4,
            "10": 4,
            "11": 2,
            "12": 46,
            "13": 32,
            "14": 32,
            "15": 2,
            "16": 2,
            "17": 2,
            "18": 2,
            "19": 4,
            "20": 4,
            "21": 4,
            "22": 4,
            "23": 2,
            "24": 2,
            "25": 16,
            "26": 16,
            "27": 30,
            "28": 2,
            "29": 30,
            "30": 30,
            "31": 2,
            "32": 30,
            "33": 30,
            "34": 2,
            "35": 30,
            "36": 30,
            "37": 4,
            "38": 4,
            "39": 2,
            "40": 2,
            "41": 2,
            "42": 2,
            "43": 2,
            "44": 2,
            "45": 30,
            "46": 30,
            "47": 4,
            "48": 4,
            "49": 3,
            "50": 3,
            "51": 3,
            "52": 1,
            "53": 1,
            "54": 30,
            "55": 30,
            "56": 2,
            "57": 30,
            "58": 30,
            "59": 185,
            "60": 185,
            "61": 1,
            "62": 185,
            "63": 185,
            "64": 4,
            "65": 2,
            "66": 2,
            "67": 6,
            "68": 30,
            "69": 6,
            "70": 4,
            "71": 4,
            "72": 4,
            "73": 4
        },
        "f": {
            "0": 30,
            "1": 32,
            "2": 2,
            "3": 2,
            "4": 4,
            "5": 4,
            "6": 2,
            "7": 46,
            "8": 16,
            "9": 30,
            "10": 2,
            "11": 2,
            "12": 2,
            "13": 4,
            "14": 4,
            "15": 2,
            "16": 29,
            "17": 185,
            "18": 4,
            "19": 6,
            "20": 4
        },
        "b": {
            "0": [32, 2, 2, 4, 4, 2],
            "1": [8, 8],
            "2": [2, 2],
            "3": [2, 0],
            "4": [2, 1, 1],
            "5": [1, 1],
            "6": [3, 1],
            "7": [3, 0],
            "8": [3, 3],
            "9": [3, 0],
            "10": [2, 1],
            "11": [3, 2],
            "12": [1, 0],
            "13": [1, 184],
            "14": [2, 2]
        },
        "meta": {
            "lastBranch": 15,
            "lastFunction": 21,
            "lastStatement": 74,
            "seen": {
                "s:10:64:10:Infinity": 0,
                "f:13:4:13:16": 0,
                "s:14:8:14:Infinity": 1,
                "s:15:8:15:Infinity": 2,
                "s:16:8:16:Infinity": 3,
                "s:18:8:18:Infinity": 4,
                "s:19:8:19:Infinity": 5,
                "f:22:14:22:34": 1,
                "s:23:8:23:Infinity": 6,
                "f:26:14:26:35": 2,
                "s:27:8:27:Infinity": 7,
                "f:30:14:30:35": 3,
                "s:31:8:31:Infinity": 8,
                "f:34:14:34:33": 4,
                "s:35:8:35:Infinity": 9,
                "f:38:14:38:25": 5,
                "s:39:8:39:Infinity": 10,
                "f:42:14:42:37": 6,
                "s:43:8:43:Infinity": 11,
                "f:46:4:46:16": 7,
                "b:48:12:50:Infinity:51:12:53:Infinity:54:12:56:Infinity:57:12:59:Infinity:60:12:62:Infinity:63:12:65:Infinity": 0,
                "s:47:8:66:Infinity": 12,
                "s:49:16:49:Infinity": 13,
                "s:50:16:50:Infinity": 14,
                "s:52:16:52:Infinity": 15,
                "s:53:16:53:Infinity": 16,
                "s:55:16:55:Infinity": 17,
                "s:56:16:56:Infinity": 18,
                "s:58:16:58:Infinity": 19,
                "s:59:16:59:Infinity": 20,
                "s:61:16:61:Infinity": 21,
                "s:62:16:62:Infinity": 22,
                "s:64:16:64:Infinity": 23,
                "s:65:16:65:Infinity": 24,
                "f:69:4:69:17": 8,
                "s:70:8:70:Infinity": 25,
                "b:70:51:70:73:70:73:70:82": 1,
                "s:71:8:71:Infinity": 26,
                "f:74:4:74:32": 9,
                "s:75:32:77:Infinity": 27,
                "f:75:32:75:38": 10,
                "s:76:12:76:Infinity": 28,
                "s:78:8:78:Infinity": 29,
                "s:80:35:82:Infinity": 30,
                "f:80:35:80:41": 11,
                "s:81:12:81:Infinity": 31,
                "s:83:8:83:Infinity": 32,
                "s:85:36:87:Infinity": 33,
                "f:85:36:85:42": 12,
                "s:86:12:86:Infinity": 34,
                "s:88:8:88:Infinity": 35,
                "s:90:38:107:Infinity": 36,
                "f:90:38:90:42": 13,
                "s:91:25:91:Infinity": 37,
                "b:93:12:96:Infinity:undefined:undefined:undefined:undefined": 2,
                "s:93:12:96:Infinity": 38,
                "s:94:16:94:Infinity": 39,
                "s:95:16:95:Infinity": 40,
                "b:98:12:106:Infinity:undefined:undefined:undefined:undefined": 3,
                "s:98:12:106:Infinity": 41,
                "b:98:16:98:45:98:45:98:73:98:73:98:89": 4,
                "s:99:36:99:Infinity": 42,
                "s:100:16:104:Infinity": 43,
                "b:102:26:102:Infinity:103:26:103:Infinity": 5,
                "s:105:16:105:Infinity": 44,
                "s:108:8:108:Infinity": 45,
                "s:110:31:127:Infinity": 46,
                "f:110:31:110:35": 14,
                "s:111:25:111:Infinity": 47,
                "b:113:12:122:Infinity:undefined:undefined:undefined:undefined": 6,
                "s:113:12:122:Infinity": 48,
                "s:114:32:114:Infinity": 49,
                "b:114:83:114:98:114:98:114:Infinity": 7,
                "b:114:32:114:48:114:48:114:83": 8,
                "s:115:16:120:Infinity": 50,
                "b:116:50:116:67:116:67:116:Infinity": 9,
                "b:118:26:118:Infinity:119:26:119:Infinity": 10,
                "b:117:31:117:57:117:57:117:Infinity": 11,
                "s:121:16:121:Infinity": 51,
                "b:124:12:126:Infinity:undefined:undefined:undefined:undefined": 12,
                "s:124:12:126:Infinity": 52,
                "s:125:16:125:Infinity": 53,
                "s:128:8:128:Infinity": 54,
                "s:130:37:132:Infinity": 55,
                "f:130:37:130:43": 15,
                "s:131:12:131:Infinity": 56,
                "s:133:8:133:Infinity": 57,
                "s:135:8:135:Infinity": 58,
                "f:138:14:138:47": 16,
                "f:140:14:140:24": 17,
                "s:141:27:141:Infinity": 59,
                "b:142:8:144:Infinity:undefined:undefined:undefined:undefined": 13,
                "s:142:8:144:Infinity": 60,
                "s:143:12:143:Infinity": 61,
                "s:146:8:146:Infinity": 62,
                "s:147:8:147:Infinity": 63,
                "f:150:14:150:19": 18,
                "b:151:8:151:Infinity:undefined:undefined:undefined:undefined": 14,
                "s:151:8:151:Infinity": 64,
                "s:151:33:151:Infinity": 65,
                "s:153:8:153:Infinity": 66,
                "f:156:4:156:33": 19,
                "s:157:8:159:Infinity": 67,
                "s:158:12:158:Infinity": 68,
                "s:160:8:160:Infinity": 69,
                "f:163:4:163:20": 20,
                "s:164:8:164:Infinity": 70,
                "s:166:8:166:Infinity": 71,
                "s:167:8:167:Infinity": 72,
                "s:168:8:168:Infinity": 73
            }
        }
    },
    "D:\\Gamegram PvP Games\\game-lab\\packages\\core\\src\\services\\sound\\index.ts": {
        "path": "D:\\Gamegram PvP Games\\game-lab\\packages\\core\\src\\services\\sound\\index.ts",
        "statementMap": {
            "0": { "start": { "line": 4, "column": 4 }, "end": { "line": 4, "column": null } }
        },
        "fnMap": {
            "0": {
                "name": "createSoundService",
                "decl": {
                    "start": { "line": 3, "column": 16 },
                    "end": { "line": 3, "column": 51 }
                },
                "loc": {
                    "start": { "line": 3, "column": 51 },
                    "end": { "line": 5, "column": null }
                },
                "line": 3
            }
        },
        "branchMap": {},
        "s": { "0": 1 },
        "f": { "0": 1 },
        "b": {},
        "meta": {
            "lastBranch": 0,
            "lastFunction": 1,
            "lastStatement": 1,
            "seen": { "f:3:16:3:51": 0, "s:4:4:4:Infinity": 0 }
        }
    },
    "D:\\Gamegram PvP Games\\game-lab\\packages\\core\\src\\services\\sound\\sound-service.ts": {
        "path": "D:\\Gamegram PvP Games\\game-lab\\packages\\core\\src\\services\\sound\\sound-service.ts",
        "statementMap": {
            "0": { "start": { "line": 4, "column": 27 }, "end": { "line": 4, "column": null } },
            "1": { "start": { "line": 11, "column": 43 }, "end": { "line": 11, "column": null } },
            "2": { "start": { "line": 12, "column": 61 }, "end": { "line": 12, "column": null } },
            "3": { "start": { "line": 13, "column": 44 }, "end": { "line": 13, "column": null } },
            "4": { "start": { "line": 14, "column": 25 }, "end": { "line": 14, "column": null } },
            "5": { "start": { "line": 15, "column": 58 }, "end": { "line": 15, "column": null } },
            "6": { "start": { "line": 18, "column": 2 }, "end": { "line": 18, "column": null } },
            "7": { "start": { "line": 19, "column": 2 }, "end": { "line": 19, "column": null } },
            "8": { "start": { "line": 20, "column": 2 }, "end": { "line": 20, "column": null } },
            "9": { "start": { "line": 21, "column": 2 }, "end": { "line": 21, "column": null } },
            "10": { "start": { "line": 22, "column": 2 }, "end": { "line": 22, "column": null } },
            "11": { "start": { "line": 26, "column": 2 }, "end": { "line": 26, "column": null } },
            "12": { "start": { "line": 26, "column": 37 }, "end": { "line": 26, "column": null } },
            "13": { "start": { "line": 28, "column": 2 }, "end": { "line": 28, "column": null } },
            "14": { "start": { "line": 29, "column": 17 }, "end": { "line": 29, "column": null } },
            "15": { "start": { "line": 31, "column": 2 }, "end": { "line": 34, "column": null } },
            "16": { "start": { "line": 32, "column": 3 }, "end": { "line": 32, "column": null } },
            "17": { "start": { "line": 33, "column": 3 }, "end": { "line": 33, "column": null } },
            "18": { "start": { "line": 36, "column": 2 }, "end": { "line": 39, "column": null } },
            "19": { "start": { "line": 40, "column": 2 }, "end": { "line": 43, "column": null } },
            "20": { "start": { "line": 44, "column": 2 }, "end": { "line": 47, "column": null } },
            "21": { "start": { "line": 51, "column": 2 }, "end": { "line": 51, "column": null } },
            "22": { "start": { "line": 52, "column": 2 }, "end": { "line": 56, "column": null } },
            "23": { "start": { "line": 53, "column": 3 }, "end": { "line": 53, "column": null } },
            "24": { "start": { "line": 55, "column": 3 }, "end": { "line": 55, "column": null } },
            "25": { "start": { "line": 57, "column": 2 }, "end": { "line": 59, "column": null } },
            "26": { "start": { "line": 58, "column": 3 }, "end": { "line": 58, "column": null } },
            "27": { "start": { "line": 63, "column": 19 }, "end": { "line": 63, "column": null } },
            "28": { "start": { "line": 64, "column": 2 }, "end": { "line": 70, "column": null } },
            "29": { "start": { "line": 65, "column": 3 }, "end": { "line": 69, "column": null } },
            "30": { "start": { "line": 66, "column": 4 }, "end": { "line": 66, "column": null } },
            "31": { "start": { "line": 68, "column": 4 }, "end": { "line": 68, "column": null } },
            "32": { "start": { "line": 74, "column": 2 }, "end": { "line": 76, "column": null } },
            "33": { "start": { "line": 75, "column": 3 }, "end": { "line": 75, "column": null } },
            "34": { "start": { "line": 78, "column": 2 }, "end": { "line": 93, "column": null } },
            "35": { "start": { "line": 79, "column": 18 }, "end": { "line": 79, "column": null } },
            "36": { "start": { "line": 80, "column": 3 }, "end": { "line": 90, "column": null } },
            "37": { "start": { "line": 81, "column": 19 }, "end": { "line": 81, "column": null } },
            "38": { "start": { "line": 82, "column": 4 }, "end": { "line": 89, "column": null } },
            "39": { "start": { "line": 88, "column": 5 }, "end": { "line": 88, "column": null } },
            "40": { "start": { "line": 92, "column": 3 }, "end": { "line": 92, "column": null } },
            "41": { "start": { "line": 95, "column": 2 }, "end": { "line": 95, "column": null } },
            "42": { "start": { "line": 99, "column": 2 }, "end": { "line": 99, "column": null } },
            "43": { "start": { "line": 99, "column": 37 }, "end": { "line": 99, "column": null } },
            "44": { "start": { "line": 101, "column": 2 }, "end": { "line": 105, "column": null } },
            "45": { "start": { "line": 102, "column": 3 }, "end": { "line": 102, "column": null } },
            "46": { "start": { "line": 104, "column": 3 }, "end": { "line": 104, "column": null } },
            "47": { "start": { "line": 109, "column": 8 }, "end": { "line": 111, "column": null } },
            "48": {
                "start": { "line": 110, "column": 12 },
                "end": { "line": 110, "column": null }
            },
            "49": { "start": { "line": 113, "column": 8 }, "end": { "line": 137, "column": null } },
            "50": {
                "start": { "line": 114, "column": 26 },
                "end": { "line": 122, "column": null }
            },
            "51": {
                "start": { "line": 119, "column": 38 },
                "end": { "line": 119, "column": null }
            },
            "52": {
                "start": { "line": 120, "column": 20 },
                "end": { "line": 120, "column": null }
            },
            "53": {
                "start": { "line": 124, "column": 12 },
                "end": { "line": 130, "column": null }
            },
            "54": {
                "start": { "line": 125, "column": 16 },
                "end": { "line": 125, "column": null }
            },
            "55": {
                "start": { "line": 127, "column": 16 },
                "end": { "line": 129, "column": null }
            },
            "56": {
                "start": { "line": 128, "column": 20 },
                "end": { "line": 128, "column": null }
            },
            "57": {
                "start": { "line": 132, "column": 12 },
                "end": { "line": 132, "column": null }
            },
            "58": {
                "start": { "line": 133, "column": 12 },
                "end": { "line": 133, "column": null }
            },
            "59": {
                "start": { "line": 135, "column": 30 },
                "end": { "line": 135, "column": null }
            },
            "60": {
                "start": { "line": 136, "column": 12 },
                "end": { "line": 136, "column": null }
            },
            "61": { "start": { "line": 141, "column": 8 }, "end": { "line": 141, "column": null } },
            "62": { "start": { "line": 145, "column": 8 }, "end": { "line": 145, "column": null } },
            "63": {
                "start": { "line": 149, "column": 16 },
                "end": { "line": 149, "column": null }
            },
            "64": { "start": { "line": 150, "column": 2 }, "end": { "line": 153, "column": null } },
            "65": { "start": { "line": 151, "column": 3 }, "end": { "line": 151, "column": null } },
            "66": { "start": { "line": 152, "column": 3 }, "end": { "line": 152, "column": null } },
            "67": {
                "start": { "line": 155, "column": 20 },
                "end": { "line": 155, "column": null }
            },
            "68": {
                "start": { "line": 156, "column": 20 },
                "end": { "line": 158, "column": null }
            },
            "69": { "start": { "line": 160, "column": 2 }, "end": { "line": 162, "column": null } },
            "70": { "start": { "line": 161, "column": 3 }, "end": { "line": 161, "column": null } },
            "71": { "start": { "line": 164, "column": 2 }, "end": { "line": 166, "column": null } },
            "72": { "start": { "line": 165, "column": 3 }, "end": { "line": 165, "column": null } },
            "73": { "start": { "line": 168, "column": 2 }, "end": { "line": 170, "column": null } },
            "74": { "start": { "line": 169, "column": 3 }, "end": { "line": 169, "column": null } },
            "75": { "start": { "line": 172, "column": 2 }, "end": { "line": 179, "column": null } },
            "76": {
                "start": { "line": 173, "column": 19 },
                "end": { "line": 173, "column": null }
            },
            "77": { "start": { "line": 174, "column": 3 }, "end": { "line": 176, "column": null } },
            "78": { "start": { "line": 175, "column": 4 }, "end": { "line": 175, "column": null } },
            "79": { "start": { "line": 177, "column": 3 }, "end": { "line": 177, "column": null } },
            "80": { "start": { "line": 178, "column": 3 }, "end": { "line": 178, "column": null } },
            "81": { "start": { "line": 181, "column": 2 }, "end": { "line": 181, "column": null } },
            "82": {
                "start": { "line": 182, "column": 18 },
                "end": { "line": 182, "column": null }
            },
            "83": { "start": { "line": 183, "column": 2 }, "end": { "line": 183, "column": null } },
            "84": { "start": { "line": 184, "column": 2 }, "end": { "line": 184, "column": null } },
            "85": { "start": { "line": 188, "column": 2 }, "end": { "line": 190, "column": null } },
            "86": { "start": { "line": 189, "column": 3 }, "end": { "line": 189, "column": null } },
            "87": { "start": { "line": 191, "column": 2 }, "end": { "line": 191, "column": null } },
            "88": {
                "start": { "line": 193, "column": 16 },
                "end": { "line": 193, "column": null }
            },
            "89": { "start": { "line": 194, "column": 2 }, "end": { "line": 197, "column": null } },
            "90": { "start": { "line": 195, "column": 3 }, "end": { "line": 195, "column": null } },
            "91": { "start": { "line": 196, "column": 3 }, "end": { "line": 196, "column": null } },
            "92": { "start": { "line": 199, "column": 2 }, "end": { "line": 202, "column": null } },
            "93": { "start": { "line": 200, "column": 3 }, "end": { "line": 200, "column": null } },
            "94": { "start": { "line": 201, "column": 3 }, "end": { "line": 201, "column": null } },
            "95": {
                "start": { "line": 204, "column": 19 },
                "end": { "line": 204, "column": null }
            },
            "96": { "start": { "line": 205, "column": 2 }, "end": { "line": 207, "column": null } },
            "97": { "start": { "line": 206, "column": 3 }, "end": { "line": 206, "column": null } },
            "98": { "start": { "line": 209, "column": 2 }, "end": { "line": 225, "column": null } },
            "99": {
                "start": { "line": 210, "column": 22 },
                "end": { "line": 215, "column": null }
            },
            "100": {
                "start": { "line": 211, "column": 4 },
                "end": { "line": 211, "column": null }
            },
            "101": {
                "start": { "line": 211, "column": 27 },
                "end": { "line": 211, "column": null }
            },
            "102": {
                "start": { "line": 213, "column": 4 },
                "end": { "line": 213, "column": null }
            },
            "103": {
                "start": { "line": 214, "column": 4 },
                "end": { "line": 214, "column": null }
            },
            "104": {
                "start": { "line": 217, "column": 3 },
                "end": { "line": 217, "column": null }
            },
            "105": {
                "start": { "line": 219, "column": 3 },
                "end": { "line": 221, "column": null }
            },
            "106": {
                "start": { "line": 220, "column": 4 },
                "end": { "line": 220, "column": null }
            },
            "107": {
                "start": { "line": 222, "column": 3 },
                "end": { "line": 222, "column": null }
            },
            "108": {
                "start": { "line": 224, "column": 3 },
                "end": { "line": 224, "column": null }
            },
            "109": {
                "start": { "line": 229, "column": 19 },
                "end": { "line": 229, "column": null }
            },
            "110": {
                "start": { "line": 230, "column": 2 },
                "end": { "line": 235, "column": null }
            },
            "111": {
                "start": { "line": 231, "column": 3 },
                "end": { "line": 231, "column": null }
            },
            "112": {
                "start": { "line": 232, "column": 3 },
                "end": { "line": 234, "column": null }
            },
            "113": {
                "start": { "line": 233, "column": 4 },
                "end": { "line": 233, "column": null }
            },
            "114": {
                "start": { "line": 239, "column": 14 },
                "end": { "line": 239, "column": null }
            },
            "115": {
                "start": { "line": 240, "column": 2 },
                "end": { "line": 245, "column": null }
            },
            "116": {
                "start": { "line": 241, "column": 17 },
                "end": { "line": 241, "column": null }
            },
            "117": {
                "start": { "line": 242, "column": 3 },
                "end": { "line": 244, "column": null }
            },
            "118": {
                "start": { "line": 243, "column": 4 },
                "end": { "line": 243, "column": null }
            },
            "119": {
                "start": { "line": 249, "column": 16 },
                "end": { "line": 249, "column": null }
            },
            "120": {
                "start": { "line": 250, "column": 2 },
                "end": { "line": 250, "column": null }
            },
            "121": {
                "start": { "line": 250, "column": 14 },
                "end": { "line": 250, "column": null }
            },
            "122": {
                "start": { "line": 252, "column": 2 },
                "end": { "line": 260, "column": null }
            },
            "123": {
                "start": { "line": 253, "column": 3 },
                "end": { "line": 253, "column": null }
            },
            "124": {
                "start": { "line": 254, "column": 3 },
                "end": { "line": 254, "column": null }
            },
            "125": {
                "start": { "line": 255, "column": 3 },
                "end": { "line": 255, "column": null }
            },
            "126": {
                "start": { "line": 257, "column": 3 },
                "end": { "line": 257, "column": null }
            },
            "127": {
                "start": { "line": 258, "column": 3 },
                "end": { "line": 258, "column": null }
            },
            "128": {
                "start": { "line": 259, "column": 3 },
                "end": { "line": 259, "column": null }
            },
            "129": {
                "start": { "line": 264, "column": 16 },
                "end": { "line": 264, "column": null }
            },
            "130": {
                "start": { "line": 265, "column": 2 },
                "end": { "line": 265, "column": null }
            },
            "131": {
                "start": { "line": 265, "column": 14 },
                "end": { "line": 265, "column": null }
            },
            "132": {
                "start": { "line": 267, "column": 2 },
                "end": { "line": 271, "column": null }
            },
            "133": {
                "start": { "line": 268, "column": 3 },
                "end": { "line": 268, "column": null }
            },
            "134": {
                "start": { "line": 270, "column": 3 },
                "end": { "line": 270, "column": null }
            },
            "135": {
                "start": { "line": 275, "column": 16 },
                "end": { "line": 275, "column": null }
            },
            "136": {
                "start": { "line": 276, "column": 2 },
                "end": { "line": 276, "column": null }
            },
            "137": {
                "start": { "line": 276, "column": 14 },
                "end": { "line": 276, "column": null }
            },
            "138": {
                "start": { "line": 278, "column": 2 },
                "end": { "line": 282, "column": null }
            },
            "139": {
                "start": { "line": 279, "column": 3 },
                "end": { "line": 279, "column": null }
            },
            "140": {
                "start": { "line": 281, "column": 3 },
                "end": { "line": 281, "column": null }
            },
            "141": {
                "start": { "line": 286, "column": 16 },
                "end": { "line": 286, "column": null }
            },
            "142": {
                "start": { "line": 287, "column": 2 },
                "end": { "line": 287, "column": null }
            },
            "143": {
                "start": { "line": 287, "column": 14 },
                "end": { "line": 287, "column": null }
            },
            "144": {
                "start": { "line": 289, "column": 24 },
                "end": { "line": 289, "column": null }
            },
            "145": {
                "start": { "line": 290, "column": 2 },
                "end": { "line": 294, "column": null }
            },
            "146": {
                "start": { "line": 291, "column": 3 },
                "end": { "line": 291, "column": null }
            },
            "147": {
                "start": { "line": 293, "column": 3 },
                "end": { "line": 293, "column": null }
            },
            "148": {
                "start": { "line": 298, "column": 2 },
                "end": { "line": 298, "column": null }
            },
            "149": {
                "start": { "line": 302, "column": 2 },
                "end": { "line": 302, "column": null }
            },
            "150": {
                "start": { "line": 304, "column": 2 },
                "end": { "line": 307, "column": null }
            },
            "151": {
                "start": { "line": 305, "column": 3 },
                "end": { "line": 305, "column": null }
            },
            "152": {
                "start": { "line": 305, "column": 47 },
                "end": { "line": 305, "column": null }
            },
            "153": {
                "start": { "line": 306, "column": 3 },
                "end": { "line": 306, "column": null }
            },
            "154": {
                "start": { "line": 309, "column": 2 },
                "end": { "line": 309, "column": null }
            },
            "155": {
                "start": { "line": 310, "column": 2 },
                "end": { "line": 310, "column": null }
            },
            "156": {
                "start": { "line": 314, "column": 2 },
                "end": { "line": 314, "column": null }
            },
            "157": {
                "start": { "line": 316, "column": 2 },
                "end": { "line": 325, "column": null }
            },
            "158": {
                "start": { "line": 317, "column": 16 },
                "end": { "line": 317, "column": null }
            },
            "159": {
                "start": { "line": 318, "column": 3 },
                "end": { "line": 318, "column": null }
            },
            "160": {
                "start": { "line": 318, "column": 25 },
                "end": { "line": 318, "column": null }
            },
            "161": {
                "start": { "line": 320, "column": 3 },
                "end": { "line": 324, "column": null }
            },
            "162": {
                "start": { "line": 321, "column": 4 },
                "end": { "line": 321, "column": null }
            },
            "163": {
                "start": { "line": 323, "column": 4 },
                "end": { "line": 323, "column": null }
            },
            "164": {
                "start": { "line": 327, "column": 2 },
                "end": { "line": 327, "column": null }
            },
            "165": {
                "start": { "line": 328, "column": 2 },
                "end": { "line": 328, "column": null }
            },
            "166": {
                "start": { "line": 332, "column": 2 },
                "end": { "line": 334, "column": null }
            },
            "167": {
                "start": { "line": 333, "column": 3 },
                "end": { "line": 333, "column": null }
            },
            "168": {
                "start": { "line": 336, "column": 18 },
                "end": { "line": 336, "column": null }
            },
            "169": {
                "start": { "line": 337, "column": 2 },
                "end": { "line": 358, "column": null }
            },
            "170": {
                "start": { "line": 338, "column": 3 },
                "end": { "line": 340, "column": null }
            },
            "171": {
                "start": { "line": 339, "column": 4 },
                "end": { "line": 339, "column": null }
            },
            "172": {
                "start": { "line": 341, "column": 3 },
                "end": { "line": 341, "column": null }
            },
            "173": {
                "start": { "line": 343, "column": 3 },
                "end": { "line": 357, "column": null }
            },
            "174": {
                "start": { "line": 344, "column": 23 },
                "end": { "line": 349, "column": null }
            },
            "175": {
                "start": { "line": 345, "column": 5 },
                "end": { "line": 345, "column": null }
            },
            "176": {
                "start": { "line": 345, "column": 28 },
                "end": { "line": 345, "column": null }
            },
            "177": {
                "start": { "line": 347, "column": 5 },
                "end": { "line": 347, "column": null }
            },
            "178": {
                "start": { "line": 348, "column": 5 },
                "end": { "line": 348, "column": null }
            },
            "179": {
                "start": { "line": 351, "column": 4 },
                "end": { "line": 351, "column": null }
            },
            "180": {
                "start": { "line": 353, "column": 4 },
                "end": { "line": 355, "column": null }
            },
            "181": {
                "start": { "line": 354, "column": 5 },
                "end": { "line": 354, "column": null }
            },
            "182": {
                "start": { "line": 356, "column": 4 },
                "end": { "line": 356, "column": null }
            },
            "183": {
                "start": { "line": 362, "column": 2 },
                "end": { "line": 362, "column": null }
            },
            "184": {
                "start": { "line": 363, "column": 2 },
                "end": { "line": 363, "column": null }
            },
            "185": {
                "start": { "line": 367, "column": 2 },
                "end": { "line": 367, "column": null }
            },
            "186": {
                "start": { "line": 368, "column": 2 },
                "end": { "line": 368, "column": null }
            },
            "187": {
                "start": { "line": 372, "column": 2 },
                "end": { "line": 372, "column": null }
            },
            "188": {
                "start": { "line": 374, "column": 2 },
                "end": { "line": 374, "column": null }
            },
            "189": {
                "start": { "line": 375, "column": 2 },
                "end": { "line": 375, "column": null }
            },
            "190": {
                "start": { "line": 379, "column": 2 },
                "end": { "line": 379, "column": null }
            },
            "191": {
                "start": { "line": 383, "column": 2 },
                "end": { "line": 383, "column": null }
            },
            "192": {
                "start": { "line": 384, "column": 2 },
                "end": { "line": 384, "column": null }
            },
            "193": {
                "start": { "line": 388, "column": 2 },
                "end": { "line": 388, "column": null }
            },
            "194": {
                "start": { "line": 388, "column": 25 },
                "end": { "line": 388, "column": null }
            },
            "195": {
                "start": { "line": 389, "column": 2 },
                "end": { "line": 389, "column": null }
            },
            "196": {
                "start": { "line": 391, "column": 2 },
                "end": { "line": 394, "column": null }
            },
            "197": {
                "start": { "line": 392, "column": 3 },
                "end": { "line": 392, "column": null }
            },
            "198": {
                "start": { "line": 393, "column": 3 },
                "end": { "line": 393, "column": null }
            },
            "199": {
                "start": { "line": 395, "column": 2 },
                "end": { "line": 395, "column": null }
            },
            "200": {
                "start": { "line": 397, "column": 2 },
                "end": { "line": 397, "column": null }
            },
            "201": {
                "start": { "line": 399, "column": 2 },
                "end": { "line": 407, "column": null }
            },
            "202": {
                "start": { "line": 400, "column": 20 },
                "end": { "line": 400, "column": null }
            },
            "203": {
                "start": { "line": 401, "column": 3 },
                "end": { "line": 405, "column": null }
            },
            "204": {
                "start": { "line": 402, "column": 4 },
                "end": { "line": 404, "column": null }
            },
            "205": {
                "start": { "line": 403, "column": 5 },
                "end": { "line": 403, "column": null }
            },
            "206": {
                "start": { "line": 406, "column": 3 },
                "end": { "line": 406, "column": null }
            },
            "207": {
                "start": { "line": 409, "column": 2 },
                "end": { "line": 409, "column": null }
            },
            "208": {
                "start": { "line": 410, "column": 2 },
                "end": { "line": 410, "column": null }
            },
            "209": {
                "start": { "line": 411, "column": 2 },
                "end": { "line": 411, "column": null }
            },
            "210": {
                "start": { "line": 412, "column": 2 },
                "end": { "line": 412, "column": null }
            },
            "211": {
                "start": { "line": 413, "column": 2 },
                "end": { "line": 413, "column": null }
            },
            "212": {
                "start": { "line": 417, "column": 16 },
                "end": { "line": 417, "column": null }
            },
            "213": { "start": { "line": 418, "column": 2 }, "end": { "line": 418, "column": null } }
        },
        "fnMap": {
            "0": {
                "name": "(anonymous_0)",
                "decl": {
                    "start": { "line": 17, "column": 1 },
                    "end": { "line": 17, "column": 15 }
                },
                "loc": {
                    "start": { "line": 17, "column": 15 },
                    "end": { "line": 23, "column": null }
                },
                "line": 17
            },
            "1": {
                "name": "(anonymous_1)",
                "decl": {
                    "start": { "line": 25, "column": 1 },
                    "end": { "line": 25, "column": 33 }
                },
                "loc": {
                    "start": { "line": 25, "column": 33 },
                    "end": { "line": 48, "column": null }
                },
                "line": 25
            },
            "2": {
                "name": "(anonymous_2)",
                "decl": {
                    "start": { "line": 31, "column": 28 },
                    "end": { "line": 31, "column": 34 }
                },
                "loc": {
                    "start": { "line": 31, "column": 34 },
                    "end": { "line": 34, "column": null }
                },
                "line": 31
            },
            "3": {
                "name": "(anonymous_3)",
                "decl": {
                    "start": { "line": 50, "column": 1 },
                    "end": { "line": 50, "column": 11 }
                },
                "loc": {
                    "start": { "line": 50, "column": 73 },
                    "end": { "line": 60, "column": null }
                },
                "line": 50
            },
            "4": {
                "name": "(anonymous_4)",
                "decl": {
                    "start": { "line": 57, "column": 9 },
                    "end": { "line": 57, "column": 15 }
                },
                "loc": {
                    "start": { "line": 57, "column": 15 },
                    "end": { "line": 59, "column": null }
                },
                "line": 57
            },
            "5": {
                "name": "(anonymous_5)",
                "decl": {
                    "start": { "line": 62, "column": 1 },
                    "end": { "line": 62, "column": 28 }
[...]
                "loc": {
                    "start": { "line": 56, "column": 12 },
                    "end": { "line": 58, "column": null }
                },
                "type": "if",
                "locations": [
                    {
                        "start": { "line": 56, "column": 12 },
                        "end": { "line": 58, "column": null }
                    },
                    { "start": {}, "end": {} }
                ],
                "line": 56
            },
            "11": {
                "loc": {
                    "start": { "line": 63, "column": 8 },
                    "end": { "line": 63, "column": null }
                },
                "type": "if",
                "locations": [
                    { "start": { "line": 63, "column": 8 }, "end": { "line": 63, "column": null } },
                    { "start": {}, "end": {} }
                ],
                "line": 63
            },
            "12": {
                "loc": {
                    "start": { "line": 66, "column": 12 },
                    "end": { "line": 68, "column": null }
                },
                "type": "if",
                "locations": [
                    {
                        "start": { "line": 66, "column": 12 },
                        "end": { "line": 68, "column": null }
                    },
                    { "start": {}, "end": {} }
                ],
                "line": 66
            }
        },
        "s": {
            "0": 92,
            "1": 35,
            "2": 2,
            "3": 33,
            "4": 11,
            "5": 2,
            "6": 9,
            "7": 13,
            "8": 12,
            "9": 9,
            "10": 2,
            "11": 7,
            "12": 9,
            "13": 7,
            "14": 8,
            "15": 1,
            "16": 7,
            "17": 9,
            "18": 7,
            "19": 19,
            "20": 1,
            "21": 18,
            "22": 20,
            "23": 18,
            "24": 6,
            "25": 1,
            "26": 5,
            "27": 7,
            "28": 5,
            "29": 15,
            "30": 8,
            "31": 7,
            "32": 9,
            "33": 5,
            "34": 7
        },
        "f": {
            "0": 35,
            "1": 11,
            "2": 13,
            "3": 9,
            "4": 9,
            "5": 8,
            "6": 9,
            "7": 19,
            "8": 20,
            "9": 6,
            "10": 7,
            "11": 15,
            "12": 9
        },
        "b": {
            "0": [2, 33],
            "1": [2, 9],
            "2": [12, 1],
            "3": [2, 7],
            "4": [7, 2],
            "5": [1, 7],
            "6": [7, 2],
            "7": [1, 18],
            "8": [18, 2],
            "9": [1, 5],
            "10": [5, 2],
            "11": [8, 7],
            "12": [5, 4]
        },
        "meta": {
            "lastBranch": 13,
            "lastFunction": 13,
            "lastStatement": 35,
            "seen": {
                "s:4:34:4:Infinity": 0,
                "f:6:4:6:14": 0,
                "b:7:8:7:Infinity:undefined:undefined:undefined:undefined": 0,
                "s:7:8:7:Infinity": 1,
                "s:7:21:7:Infinity": 2,
                "s:9:8:9:Infinity": 3,
                "f:12:4:12:14": 1,
                "b:13:8:13:Infinity:undefined:undefined:undefined:undefined": 1,
                "s:13:8:13:Infinity": 4,
                "s:13:40:13:Infinity": 5,
                "s:15:8:19:Infinity": 6,
                "f:15:30:15:37": 2,
                "b:16:12:18:Infinity:undefined:undefined:undefined:undefined": 2,
                "s:16:12:18:Infinity": 7,
                "s:17:16:17:Infinity": 8,
                "f:22:4:22:17": 3,
                "b:23:8:23:Infinity:undefined:undefined:undefined:undefined": 3,
                "s:23:8:23:Infinity": 9,
                "s:23:40:23:Infinity": 10,
                "s:25:8:29:Infinity": 11,
                "f:25:30:25:37": 4,
                "b:26:12:28:Infinity:undefined:undefined:undefined:undefined": 4,
                "s:26:12:28:Infinity": 12,
                "s:27:16:27:Infinity": 13,
                "f:32:4:32:17": 5,
                "b:33:8:33:Infinity:undefined:undefined:undefined:undefined": 5,
                "s:33:8:33:Infinity": 14,
                "s:33:40:33:Infinity": 15,
                "s:35:8:39:Infinity": 16,
                "f:35:30:35:37": 6,
                "b:36:12:38:Infinity:undefined:undefined:undefined:undefined": 6,
                "s:36:12:38:Infinity": 17,
                "s:37:16:37:Infinity": 18,
                "f:42:4:42:19": 7,
                "b:43:8:43:Infinity:undefined:undefined:undefined:undefined": 7,
                "s:43:8:43:Infinity": 19,
                "s:43:40:43:Infinity": 20,
                "s:45:8:49:Infinity": 21,
                "f:45:30:45:37": 8,
                "b:46:12:48:Infinity:undefined:undefined:undefined:undefined": 8,
                "s:46:12:48:Infinity": 22,
                "s:47:16:47:Infinity": 23,
                "f:52:4:52:18": 9,
                "b:53:8:53:Infinity:undefined:undefined:undefined:undefined": 9,
                "s:53:8:53:Infinity": 24,
                "s:53:40:53:Infinity": 25,
                "s:55:8:59:Infinity": 26,
                "f:55:30:55:37": 10,
                "b:56:12:58:Infinity:undefined:undefined:undefined:undefined": 10,
                "s:56:12:58:Infinity": 27,
                "s:57:16:57:Infinity": 28,
                "f:62:4:62:20": 11,
                "b:63:8:63:Infinity:undefined:undefined:undefined:undefined": 11,
                "s:63:8:63:Infinity": 29,
                "s:63:40:63:Infinity": 30,
                "s:65:8:69:Infinity": 31,
                "f:65:30:65:37": 12,
                "b:66:12:68:Infinity:undefined:undefined:undefined:undefined": 12,
                "s:66:12:68:Infinity": 32,
                "s:67:16:67:Infinity": 33,
                "s:70:8:70:Infinity": 34
            }
        }
    },
    "D:\\Gamegram PvP Games\\game-lab\\packages\\core\\src\\view\\hud\\hud.ts": {
        "path": "D:\\Gamegram PvP Games\\game-lab\\packages\\core\\src\\view\\hud\\hud.ts",
        "statementMap": {
            "0": { "start": { "line": 4, "column": 36 }, "end": { "line": 4, "column": null } },
            "1": { "start": { "line": 7, "column": 8 }, "end": { "line": 7, "column": null } },
            "2": { "start": { "line": 7, "column": 24 }, "end": { "line": 7, "column": null } },
            "3": { "start": { "line": 9, "column": 8 }, "end": { "line": 9, "column": null } },
            "4": { "start": { "line": 13, "column": 2 }, "end": { "line": 13, "column": null } },
            "5": { "start": { "line": 13, "column": 37 }, "end": { "line": 13, "column": null } },
            "6": { "start": { "line": 15, "column": 2 }, "end": { "line": 19, "column": null } },
            "7": { "start": { "line": 16, "column": 12 }, "end": { "line": 18, "column": null } },
            "8": { "start": { "line": 17, "column": 16 }, "end": { "line": 17, "column": null } },
            "9": { "start": { "line": 23, "column": 2 }, "end": { "line": 23, "column": null } },
            "10": { "start": { "line": 23, "column": 37 }, "end": { "line": 23, "column": null } },
            "11": { "start": { "line": 25, "column": 2 }, "end": { "line": 29, "column": null } },
            "12": { "start": { "line": 26, "column": 12 }, "end": { "line": 28, "column": null } },
            "13": { "start": { "line": 27, "column": 16 }, "end": { "line": 27, "column": null } },
            "14": { "start": { "line": 33, "column": 2 }, "end": { "line": 33, "column": null } },
            "15": { "start": { "line": 33, "column": 37 }, "end": { "line": 33, "column": null } },
            "16": { "start": { "line": 35, "column": 2 }, "end": { "line": 39, "column": null } },
            "17": { "start": { "line": 36, "column": 12 }, "end": { "line": 38, "column": null } },
            "18": { "start": { "line": 37, "column": 16 }, "end": { "line": 37, "column": null } },
            "19": { "start": { "line": 43, "column": 2 }, "end": { "line": 43, "column": null } },
            "20": { "start": { "line": 43, "column": 37 }, "end": { "line": 43, "column": null } },
            "21": { "start": { "line": 45, "column": 2 }, "end": { "line": 49, "column": null } },
            "22": { "start": { "line": 46, "column": 12 }, "end": { "line": 48, "column": null } },
            "23": { "start": { "line": 47, "column": 16 }, "end": { "line": 47, "column": null } },
            "24": { "start": { "line": 50, "column": 8 }, "end": { "line": 50, "column": null } }
        },
        "fnMap": {
            "0": {
                "name": "(anonymous_0)",
                "decl": { "start": { "line": 6, "column": 4 }, "end": { "line": 6, "column": 17 } },
                "loc": {
                    "start": { "line": 6, "column": 48 },
                    "end": { "line": 10, "column": null }
                },
                "line": 6
            },
            "1": {
                "name": "(anonymous_1)",
                "decl": {
                    "start": { "line": 12, "column": 1 },
                    "end": { "line": 12, "column": 8 }
                },
                "loc": {
                    "start": { "line": 12, "column": 29 },
                    "end": { "line": 20, "column": null }
                },
                "line": 12
            },
            "2": {
                "name": "(anonymous_2)",
                "decl": {
                    "start": { "line": 15, "column": 27 },
                    "end": { "line": 15, "column": 28 }
                },
                "loc": {
                    "start": { "line": 15, "column": 42 },
                    "end": { "line": 19, "column": 9 }
                },
                "line": 15
            },
            "3": {
                "name": "(anonymous_3)",
                "decl": {
                    "start": { "line": 22, "column": 1 },
                    "end": { "line": 22, "column": 14 }
                },
                "loc": {
                    "start": { "line": 22, "column": 14 },
                    "end": { "line": 30, "column": null }
                },
                "line": 22
            },
            "4": {
                "name": "(anonymous_4)",
                "decl": {
                    "start": { "line": 25, "column": 27 },
                    "end": { "line": 25, "column": 28 }
                },
                "loc": {
                    "start": { "line": 25, "column": 42 },
                    "end": { "line": 29, "column": 9 }
                },
                "line": 25
            },
            "5": {
                "name": "(anonymous_5)",
                "decl": {
                    "start": { "line": 32, "column": 1 },
                    "end": { "line": 32, "column": 14 }
                },
                "loc": {
                    "start": { "line": 32, "column": 14 },
                    "end": { "line": 40, "column": null }
                },
                "line": 32
            },
            "6": {
                "name": "(anonymous_6)",
                "decl": {
                    "start": { "line": 35, "column": 27 },
                    "end": { "line": 35, "column": 28 }
                },
                "loc": {
                    "start": { "line": 35, "column": 42 },
                    "end": { "line": 39, "column": 9 }
                },
                "line": 35
            },
            "7": {
                "name": "(anonymous_7)",
                "decl": {
                    "start": { "line": 42, "column": 1 },
                    "end": { "line": 42, "column": 17 }
                },
                "loc": {
                    "start": { "line": 42, "column": 17 },
                    "end": { "line": 51, "column": null }
                },
                "line": 42
            },
            "8": {
                "name": "(anonymous_8)",
                "decl": {
                    "start": { "line": 45, "column": 27 },
                    "end": { "line": 45, "column": 28 }
                },
                "loc": {
                    "start": { "line": 45, "column": 42 },
                    "end": { "line": 49, "column": 9 }
                },
                "line": 45
            }
        },
        "branchMap": {
            "0": {
                "loc": {
                    "start": { "line": 7, "column": 8 },
                    "end": { "line": 7, "column": null }
                },
                "type": "if",
                "locations": [
                    { "start": { "line": 7, "column": 8 }, "end": { "line": 7, "column": null } },
                    { "start": {}, "end": {} }
                ],
                "line": 7
            },
            "1": {
                "loc": {
                    "start": { "line": 13, "column": 2 },
                    "end": { "line": 13, "column": null }
                },
                "type": "if",
                "locations": [
                    { "start": { "line": 13, "column": 2 }, "end": { "line": 13, "column": null } },
                    { "start": {}, "end": {} }
                ],
                "line": 13
            },
            "2": {
                "loc": {
                    "start": { "line": 16, "column": 12 },
                    "end": { "line": 18, "column": null }
                },
                "type": "if",
                "locations": [
                    {
                        "start": { "line": 16, "column": 12 },
                        "end": { "line": 18, "column": null }
                    },
                    { "start": {}, "end": {} }
                ],
                "line": 16
            },
            "3": {
                "loc": {
                    "start": { "line": 23, "column": 2 },
                    "end": { "line": 23, "column": null }
                },
                "type": "if",
                "locations": [
                    { "start": { "line": 23, "column": 2 }, "end": { "line": 23, "column": null } },
                    { "start": {}, "end": {} }
                ],
                "line": 23
            },
            "4": {
                "loc": {
                    "start": { "line": 26, "column": 12 },
                    "end": { "line": 28, "column": null }
                },
                "type": "if",
                "locations": [
                    {
                        "start": { "line": 26, "column": 12 },
                        "end": { "line": 28, "column": null }
                    },
                    { "start": {}, "end": {} }
                ],
                "line": 26
            },
            "5": {
                "loc": {
                    "start": { "line": 33, "column": 2 },
                    "end": { "line": 33, "column": null }
                },
                "type": "if",
                "locations": [
                    { "start": { "line": 33, "column": 2 }, "end": { "line": 33, "column": null } },
                    { "start": {}, "end": {} }
                ],
                "line": 33
            },
            "6": {
                "loc": {
                    "start": { "line": 36, "column": 12 },
                    "end": { "line": 38, "column": null }
                },
                "type": "if",
                "locations": [
                    {
                        "start": { "line": 36, "column": 12 },
                        "end": { "line": 38, "column": null }
                    },
                    { "start": {}, "end": {} }
                ],
                "line": 36
            },
            "7": {
                "loc": {
                    "start": { "line": 43, "column": 2 },
                    "end": { "line": 43, "column": null }
                },
                "type": "if",
                "locations": [
                    { "start": { "line": 43, "column": 2 }, "end": { "line": 43, "column": null } },
                    { "start": {}, "end": {} }
                ],
                "line": 43
            },
            "8": {
                "loc": {
                    "start": { "line": 46, "column": 12 },
                    "end": { "line": 48, "column": null }
                },
                "type": "if",
                "locations": [
                    {
                        "start": { "line": 46, "column": 12 },
                        "end": { "line": 48, "column": null }
                    },
                    { "start": {}, "end": {} }
                ],
                "line": 46
            }
        },
        "s": {
            "0": 83,
            "1": 26,
            "2": 2,
            "3": 24,
            "4": 10,
            "5": 2,
            "6": 8,
            "7": 12,
            "8": 11,
            "9": 8,
            "10": 2,
            "11": 6,
            "12": 8,
            "13": 7,
            "14": 7,
            "15": 1,
            "16": 6,
            "17": 8,
            "18": 7,
            "19": 14,
            "20": 8,
            "21": 6,
            "22": 8,
            "23": 5,
            "24": 6
        },
        "f": { "0": 26, "1": 10, "2": 12, "3": 8, "4": 8, "5": 7, "6": 8, "7": 14, "8": 8 },
        "b": {
            "0": [2, 24],
            "1": [2, 8],
            "2": [11, 1],
            "3": [2, 6],
            "4": [7, 1],
            "5": [1, 6],
            "6": [7, 1],
            "7": [8, 6],
            "8": [5, 3]
        },
        "meta": {
            "lastBranch": 9,
            "lastFunction": 9,
            "lastStatement": 25,
            "seen": {
                "s:4:36:4:Infinity": 0,
                "f:6:4:6:17": 0,
                "b:7:8:7:Infinity:undefined:undefined:undefined:undefined": 0,
                "s:7:8:7:Infinity": 1,
                "s:7:24:7:Infinity": 2,
                "s:9:8:9:Infinity": 3,
                "f:12:1:12:8": 1,
                "b:13:2:13:Infinity:undefined:undefined:undefined:undefined": 1,
                "s:13:2:13:Infinity": 4,
                "s:13:37:13:Infinity": 5,
                "s:15:2:19:Infinity": 6,
                "f:15:27:15:28": 2,
                "b:16:12:18:Infinity:undefined:undefined:undefined:undefined": 2,
                "s:16:12:18:Infinity": 7,
                "s:17:16:17:Infinity": 8,
                "f:22:1:22:14": 3,
                "b:23:2:23:Infinity:undefined:undefined:undefined:undefined": 3,
                "s:23:2:23:Infinity": 9,
                "s:23:37:23:Infinity": 10,
                "s:25:2:29:Infinity": 11,
                "f:25:27:25:28": 4,
                "b:26:12:28:Infinity:undefined:undefined:undefined:undefined": 4,
                "s:26:12:28:Infinity": 12,
                "s:27:16:27:Infinity": 13,
                "f:32:1:32:14": 5,
                "b:33:2:33:Infinity:undefined:undefined:undefined:undefined": 5,
                "s:33:2:33:Infinity": 14,
                "s:33:37:33:Infinity": 15,
                "s:35:2:39:Infinity": 16,
                "f:35:27:35:28": 6,
                "b:36:12:38:Infinity:undefined:undefined:undefined:undefined": 6,
                "s:36:12:38:Infinity": 17,
                "s:37:16:37:Infinity": 18,
                "f:42:1:42:17": 7,
                "b:43:2:43:Infinity:undefined:undefined:undefined:undefined": 7,
                "s:43:2:43:Infinity": 19,
                "s:43:37:43:Infinity": 20,
                "s:45:2:49:Infinity": 21,
                "f:45:27:45:28": 8,
                "b:46:12:48:Infinity:undefined:undefined:undefined:undefined": 8,
                "s:46:12:48:Infinity": 22,
                "s:47:16:47:Infinity": 23,
                "s:50:8:50:Infinity": 24
            }
        }
    }
}
